<?xml version="1.0" encoding="UTF-8"?>
<!-- Generated by org.testng.reporters.JUnitXMLReporter -->
<testsuite hostname="DESKTOP-0JJFGDT" ignored="1" name="Default test" tests="1" failures="0" timestamp="24 Mar 2019 17:23:24 GMT" time="23.082" errors="0">
  <testcase name="postpaidLogin" time="8.847" classname="test.PomDemoTest"/>
  <testcase name="LoginDinPrimaPagina" time="0.0" classname="test.PomDemoTest">
    <ignored/>
  </testcase> <!-- LoginDinPrimaPagina -->
</testsuite> <!-- Default test -->
