<?xml version="1.0" encoding="UTF-8"?>
<testng-results skipped="0" failed="0" ignored="0" total="2" passed="2">
  <reporter-output>
  </reporter-output>
  <suite name="Default suite" duration-ms="62776" started-at="2019-03-29T07:35:20Z" finished-at="2019-03-29T07:36:22Z">
    <groups>
    </groups>
    <test name="Default test" duration-ms="62776" started-at="2019-03-29T07:35:20Z" finished-at="2019-03-29T07:36:22Z">
      <class name="test.PomDemoTest">
        <test-method status="PASS" signature="setup()[pri:0, instance:test.PomDemoTest@cb5822]" name="setup" is-config="true" duration-ms="25725" started-at="2019-03-29T07:35:20Z" finished-at="2019-03-29T07:35:45Z">
          <reporter-output>
          </reporter-output>
        </test-method> <!-- setup -->
        <test-method status="PASS" signature="HomepagePostpaidLogin()[pri:0, instance:test.PomDemoTest@cb5822]" name="HomepagePostpaidLogin" duration-ms="13893" started-at="2019-03-29T07:35:45Z" finished-at="2019-03-29T07:35:59Z">
          <reporter-output>
          </reporter-output>
        </test-method> <!-- HomepagePostpaidLogin -->
        <test-method status="PASS" signature="Logout()[pri:0, instance:test.PomDemoTest@cb5822]" name="Logout" is-config="true" duration-ms="5757" started-at="2019-03-29T07:35:59Z" finished-at="2019-03-29T07:36:05Z">
          <reporter-output>
          </reporter-output>
        </test-method> <!-- Logout -->
        <test-method status="PASS" signature="postpaidLogin()[pri:1, instance:test.PomDemoTest@cb5822]" name="postpaidLogin" duration-ms="11612" started-at="2019-03-29T07:36:05Z" finished-at="2019-03-29T07:36:17Z">
          <reporter-output>
          </reporter-output>
        </test-method> <!-- postpaidLogin -->
        <test-method status="PASS" signature="Logout()[pri:0, instance:test.PomDemoTest@cb5822]" name="Logout" is-config="true" duration-ms="5586" started-at="2019-03-29T07:36:17Z" finished-at="2019-03-29T07:36:22Z">
          <reporter-output>
          </reporter-output>
        </test-method> <!-- Logout -->
        <test-method status="PASS" signature="afterTest()[pri:0, instance:test.PomDemoTest@cb5822]" name="afterTest" is-config="true" duration-ms="158" started-at="2019-03-29T07:36:22Z" finished-at="2019-03-29T07:36:22Z">
          <reporter-output>
          </reporter-output>
        </test-method> <!-- afterTest -->
      </class> <!-- test.PomDemoTest -->
    </test> <!-- Default test -->
  </suite> <!-- Default suite -->
</testng-results>
